<?xml version="1.0" encoding="UTF-8"?>
<testsuite xmlns:xsi="http://www.w3.org/2001/XMLSchema-instance" xsi:noNamespaceSchemaLocation="https://maven.apache.org/surefire/maven-surefire-plugin/xsd/surefire-test-report-3.0.xsd" version="3.0" name="lineales.ListaTest" time="0.034" tests="15" errors="0" skipped="0" failures="0">
  <properties>
[...]
</properties>
  <testcase name="testRemoveElementInTheMiddleOfList" classname="lineales.ListaTest" time="0.011"/>
  <testcase name="testCloneEmptyStack" classname="lineales.ListaTest" time="0.001"/>
  <testcase name="testRemoveFromEmptyList" classname="lineales.ListaTest" time="0.001"/>
  <testcase name="testFindElementInTheMiddleList" classname="lineales.ListaTest" time="0.001"/>
  <testcase name="testEmptyList" classname="lineales.ListaTest" time="0.001"/>
  <testcase name="testCloneNonEmptyList" classname="lineales.ListaTest" time="0.001"/>
  <testcase name="testFindElementNotInTheList" classname="lineales.ListaTest" time="0.001"/>
  <testcase name="testRemoveElementAtLastOfNonEmptyList" classname="lineales.ListaTest" time="0.001"/>
  <testcase name="testFindLastElementInTheList" classname="lineales.ListaTest" time="0.0"/>
  <testcase name="testInsertElementInTheMiddleOfList" classname="lineales.ListaTest" time="0.0"/>
  <testcase name="testRemoveElementFromListWithOnlyOneElement" classname="lineales.ListaTest" time="0.0"/>
  <testcase name="testInsertLastElementInNonEmtpyList" classname="lineales.ListaTest" time="0.001"/>
  <testcase name="testCreateEmptyList" classname="lineales.ListaTest" time="0.0"/>
  <testcase name="testFindFirstElement" classname="lineales.ListaTest" time="0.0"/>
  <testcase name="testInsertFirstElementInEmptyList" classname="lineales.ListaTest" time="0.0"/>
</testsuite>